TN:
SF:index.js
FN:5,readFile
FN:11,mergeKeys
FN:17,default
FNF:3
FNH:3
FNDA:2,readFile
FNDA:1,mergeKeys
FNDA:1,default
DA:1,1
DA:2,1
DA:3,1
DA:4,1
DA:5,1
DA:6,2
DA:7,2
DA:8,2
DA:9,2
DA:10,1
DA:11,1
DA:12,1
DA:13,1
DA:14,1
DA:15,1
DA:16,1
DA:17,1
DA:18,1
DA:19,1
DA:20,1
DA:21,1
DA:22,1
DA:23,1
DA:24,5
DA:25,5
DA:26,5
DA:27,5
DA:28,1
DA:29,1
DA:30,5
DA:31,3
DA:32,3
DA:33,3
DA:34,3
DA:35,3
DA:36,1
DA:37,1
DA:38,1
DA:39,1
DA:40,1
DA:41,1
DA:42,1
DA:43,1
DA:44,1
LF:44
LH:44
BRDA:5,0,0,2
BRDA:11,1,0,1
BRDA:17,2,0,1
BRDA:23,3,0,5
BRDA:27,4,0,1
BRDA:30,5,0,4
BRDA:30,6,0,3
BRDA:30,7,0,3
BRDA:31,8,0,1
BRDA:31,9,0,2
BRDA:36,10,0,1
BRF:11
BRH:11
end_of_record
